<?xml version="1.0" encoding="UTF-8"?>
<testng-results ignored="0" total="1" passed="1" failed="0" skipped="0">
  <reporter-output>
  </reporter-output>
  <suite started-at="2026-03-11T08:00:08 IST" name="Suite" finished-at="2026-03-11T08:00:08 IST" duration-ms="87">
    <groups>
      <group name="smoke">
        <method signature="Demo1Test.bikeTest()[pri:0, instance:Practice.Demo1Test@4310d43]" name="bikeTest" class="Practice.Demo1Test"/>
      </group> <!-- smoke -->
    </groups>
    <test started-at="2026-03-11T08:00:08 IST" name="Test" finished-at="2026-03-11T08:00:08 IST" duration-ms="87">
      <class name="Practice.Demo1Test">
        <test-method signature="bikeTest()[pri:0, instance:Practice.Demo1Test@4310d43]" started-at="2026-03-11T08:00:08 IST" name="bikeTest" finished-at="2026-03-11T08:00:08 IST" duration-ms="14" status="PASS">
          <reporter-output>
          </reporter-output>
        </test-method> <!-- bikeTest -->
      </class> <!-- Practice.Demo1Test -->
    </test> <!-- Test -->
  </suite> <!-- Suite -->
</testng-results>
